mode: atomic
github.com/paularlott/mcp/examples/server/main.go:12.13,22.78 2 0
github.com/paularlott/mcp/examples/server/main.go:22.78,26.4 3 0
github.com/paularlott/mcp/examples/server/main.go:30.2,32.46 3 0
github.com/paularlott/mcp/examples/object-example/main.go:12.13,123.2 14 0
github.com/paularlott/mcp/examples/object-example/main.go:125.93,128.16 2 0
github.com/paularlott/mcp/examples/object-example/main.go:128.16,130.3 1 0
github.com/paularlott/mcp/examples/object-example/main.go:133.2,134.16 2 0
github.com/paularlott/mcp/examples/object-example/main.go:134.16,136.3 1 0
github.com/paularlott/mcp/examples/object-example/main.go:138.2,139.16 2 0
github.com/paularlott/mcp/examples/object-example/main.go:139.16,141.3 1 0
github.com/paularlott/mcp/examples/object-example/main.go:144.2,145.43 2 0
github.com/paularlott/mcp/examples/object-example/main.go:145.43,146.43 1 0
github.com/paularlott/mcp/examples/object-example/main.go:146.43,148.4 1 0
github.com/paularlott/mcp/examples/object-example/main.go:151.2,152.49 2 0
github.com/paularlott/mcp/examples/object-example/main.go:152.49,153.45 1 0
github.com/paularlott/mcp/examples/object-example/main.go:153.45,155.4 1 0
github.com/paularlott/mcp/examples/object-example/main.go:158.2,163.45 3 0
github.com/paularlott/mcp/examples/object-example/main.go:166.96,168.16 2 0
github.com/paularlott/mcp/examples/object-example/main.go:168.16,170.3 1 0
github.com/paularlott/mcp/examples/object-example/main.go:172.2,175.31 3 0
github.com/paularlott/mcp/examples/object-example/main.go:175.31,177.10 2 0
github.com/paularlott/mcp/examples/object-example/main.go:177.10,179.4 1 0
github.com/paularlott/mcp/examples/object-example/main.go:181.3,182.10 2 0
github.com/paularlott/mcp/examples/object-example/main.go:182.10,184.4 1 0
github.com/paularlott/mcp/examples/object-example/main.go:186.3,187.48 2 0
github.com/paularlott/mcp/examples/object-example/main.go:187.48,188.40 1 0
github.com/paularlott/mcp/examples/object-example/main.go:188.40,190.5 1 0
github.com/paularlott/mcp/examples/object-example/main.go:193.3,194.10 2 0
github.com/paularlott/mcp/examples/object-example/main.go:194.10,196.4 1 0
github.com/paularlott/mcp/examples/object-example/main.go:198.3,199.10 2 0
github.com/paularlott/mcp/examples/object-example/main.go:199.10,201.4 1 0
github.com/paularlott/mcp/examples/object-example/main.go:203.3,205.40 2 0
github.com/paularlott/mcp/examples/object-example/main.go:208.2,212.45 3 0
github.com/paularlott/mcp/examples/object-example/main.go:215.96,217.16 2 0
github.com/paularlott/mcp/examples/object-example/main.go:217.16,219.3 1 0
github.com/paularlott/mcp/examples/object-example/main.go:221.2,222.9 2 0
github.com/paularlott/mcp/examples/object-example/main.go:222.9,224.3 1 0
github.com/paularlott/mcp/examples/object-example/main.go:226.2,227.9 2 0
github.com/paularlott/mcp/examples/object-example/main.go:227.9,229.3 1 0
github.com/paularlott/mcp/examples/object-example/main.go:231.2,234.56 2 0
github.com/paularlott/mcp/examples/object-example/main.go:234.56,235.57 1 0
github.com/paularlott/mcp/examples/object-example/main.go:235.57,237.37 2 0
github.com/paularlott/mcp/examples/object-example/main.go:237.37,239.5 1 0
github.com/paularlott/mcp/examples/object-example/main.go:243.2,243.45 1 0
github.com/paularlott/mcp/examples/unified-server/main.go:12.13,21.78 2 0
github.com/paularlott/mcp/examples/unified-server/main.go:21.78,24.4 2 0
github.com/paularlott/mcp/examples/unified-server/main.go:28.2,34.32 5 0
github.com/paularlott/mcp/examples/unified-server/main.go:34.32,36.3 1 0
github.com/paularlott/mcp/examples/unified-server/main.go:39.2,45.16 3 0
github.com/paularlott/mcp/examples/unified-server/main.go:45.16,47.3 1 0
github.com/paularlott/mcp/examples/unified-server/main.go:47.8,49.3 1 0
github.com/paularlott/mcp/examples/unified-server/main.go:52.2,55.16 2 0
github.com/paularlott/mcp/examples/unified-server/main.go:55.16,57.3 1 0
github.com/paularlott/mcp/examples/unified-server/main.go:57.8,59.3 1 0
github.com/paularlott/mcp/examples/unified-server/main.go:62.2,65.46 3 0
github.com/paularlott/mcp/examples/client/main.go:11.13,20.16 5 0
github.com/paularlott/mcp/examples/client/main.go:20.16,23.3 2 0
github.com/paularlott/mcp/examples/client/main.go:25.2,26.29 2 0
github.com/paularlott/mcp/examples/client/main.go:26.29,28.3 1 0
github.com/paularlott/mcp/examples/client/main.go:31.2,37.16 3 0
github.com/paularlott/mcp/examples/client/main.go:37.16,40.3 2 0
github.com/paularlott/mcp/examples/client/main.go:42.2,42.46 1 0
github.com/paularlott/mcp/api.go:29.60,31.2 0 0
github.com/paularlott/mcp/api.go:33.24,35.2 1 28
github.com/paularlott/mcp/api.go:42.52,50.2 1 21
github.com/paularlott/mcp/api.go:56.52,64.2 1 8
github.com/paularlott/mcp/api.go:70.53,78.2 1 2
github.com/paularlott/mcp/api.go:84.57,92.2 1 1
github.com/paularlott/mcp/api.go:98.57,106.2 1 1
github.com/paularlott/mcp/api.go:113.52,116.36 2 6
github.com/paularlott/mcp/api.go:116.36,119.34 3 11
github.com/paularlott/mcp/api.go:119.34,121.4 1 11
github.com/paularlott/mcp/api.go:124.2,130.4 1 6
github.com/paularlott/mcp/api.go:138.57,141.36 2 4
github.com/paularlott/mcp/api.go:141.36,144.34 3 6
github.com/paularlott/mcp/api.go:144.34,146.4 1 6
github.com/paularlott/mcp/api.go:150.2,161.4 2 4
github.com/paularlott/mcp/api.go:169.52,171.37 1 2
github.com/paularlott/mcp/api.go:171.37,172.28 1 5
github.com/paularlott/mcp/api.go:173.21,180.6 1 2
github.com/paularlott/mcp/api.go:181.21,188.6 1 0
github.com/paularlott/mcp/api.go:189.22,196.6 1 0
github.com/paularlott/mcp/api.go:197.26,204.6 1 0
github.com/paularlott/mcp/api.go:205.26,212.6 1 1
github.com/paularlott/mcp/api.go:213.21,216.38 2 1
github.com/paularlott/mcp/api.go:216.38,219.36 3 2
github.com/paularlott/mcp/api.go:219.36,221.6 1 2
github.com/paularlott/mcp/api.go:223.4,229.6 1 1
github.com/paularlott/mcp/api.go:230.26,233.38 2 1
github.com/paularlott/mcp/api.go:233.38,236.36 3 2
github.com/paularlott/mcp/api.go:236.36,238.6 1 2
github.com/paularlott/mcp/api.go:240.4,250.6 2 1
github.com/paularlott/mcp/api.go:255.48,257.2 1 2
github.com/paularlott/mcp/api.go:260.68,269.30 2 23
github.com/paularlott/mcp/api.go:269.30,270.40 1 16
github.com/paularlott/mcp/api.go:270.40,272.4 1 16
github.com/paularlott/mcp/api.go:275.2,275.14 1 23
github.com/paularlott/mcp/api.go:279.68,288.30 2 8
github.com/paularlott/mcp/api.go:288.30,289.40 1 3
github.com/paularlott/mcp/api.go:289.40,291.4 1 3
github.com/paularlott/mcp/api.go:294.2,294.14 1 8
github.com/paularlott/mcp/api.go:298.69,307.30 2 2
github.com/paularlott/mcp/api.go:307.30,308.40 1 0
github.com/paularlott/mcp/api.go:308.40,310.4 1 0
github.com/paularlott/mcp/api.go:313.2,313.14 1 2
github.com/paularlott/mcp/api.go:317.73,326.30 2 1
github.com/paularlott/mcp/api.go:326.30,327.40 1 0
github.com/paularlott/mcp/api.go:327.40,329.4 1 0
github.com/paularlott/mcp/api.go:332.2,332.14 1 1
github.com/paularlott/mcp/api.go:336.73,345.30 2 2
github.com/paularlott/mcp/api.go:345.30,346.40 1 1
github.com/paularlott/mcp/api.go:346.40,348.4 1 1
github.com/paularlott/mcp/api.go:351.2,351.14 1 2
github.com/paularlott/mcp/api.go:355.86,360.44 3 7
github.com/paularlott/mcp/api.go:360.44,361.40 1 18
github.com/paularlott/mcp/api.go:361.40,363.4 1 13
github.com/paularlott/mcp/api.go:363.9,363.48 1 5
github.com/paularlott/mcp/api.go:363.48,365.4 1 5
github.com/paularlott/mcp/api.go:368.2,375.3 1 7
github.com/paularlott/mcp/api.go:379.91,384.44 3 5
github.com/paularlott/mcp/api.go:384.44,385.40 1 11
github.com/paularlott/mcp/api.go:385.40,387.4 1 8
github.com/paularlott/mcp/api.go:387.9,387.48 1 3
github.com/paularlott/mcp/api.go:387.48,389.4 1 3
github.com/paularlott/mcp/api.go:392.2,399.3 1 5
github.com/paularlott/mcp/api.go:403.78,406.35 2 15
github.com/paularlott/mcp/api.go:406.35,408.3 1 24
github.com/paularlott/mcp/api.go:410.2,415.3 1 15
github.com/paularlott/mcp/auth.go:19.56,21.2 1 3
github.com/paularlott/mcp/auth.go:23.59,25.2 1 8
github.com/paularlott/mcp/auth.go:27.43,29.2 1 0
github.com/paularlott/mcp/auth.go:39.90,51.2 2 0
github.com/paularlott/mcp/auth.go:53.54,58.36 4 0
github.com/paularlott/mcp/auth.go:58.36,59.37 1 0
github.com/paularlott/mcp/auth.go:59.37,61.4 1 0
github.com/paularlott/mcp/auth.go:62.3,64.17 3 0
github.com/paularlott/mcp/auth.go:67.2,67.57 1 0
github.com/paularlott/mcp/auth.go:70.38,78.16 6 0
github.com/paularlott/mcp/auth.go:78.16,80.3 1 0
github.com/paularlott/mcp/auth.go:82.2,83.12 2 0
github.com/paularlott/mcp/client.go:37.59,43.2 1 11
github.com/paularlott/mcp/client.go:46.56,50.19 3 11
github.com/paularlott/mcp/client.go:50.19,52.3 1 0
github.com/paularlott/mcp/client.go:54.2,70.70 4 11
github.com/paularlott/mcp/client.go:70.70,72.3 1 0
github.com/paularlott/mcp/client.go:74.2,74.23 1 11
github.com/paularlott/mcp/client.go:74.23,76.3 1 0
github.com/paularlott/mcp/client.go:79.2,79.69 1 11
github.com/paularlott/mcp/client.go:79.69,81.3 1 1
github.com/paularlott/mcp/client.go:81.8,81.67 1 10
github.com/paularlott/mcp/client.go:81.67,83.55 1 10
github.com/paularlott/mcp/client.go:83.55,84.48 1 1
github.com/paularlott/mcp/client.go:84.48,86.5 1 1
github.com/paularlott/mcp/client.go:90.2,91.12 2 11
github.com/paularlott/mcp/client.go:95.68,96.20 1 14
github.com/paularlott/mcp/client.go:96.20,97.43 1 9
github.com/paularlott/mcp/client.go:97.43,99.4 1 0
github.com/paularlott/mcp/client.go:103.2,104.26 2 14
github.com/paularlott/mcp/client.go:104.26,109.3 4 2
github.com/paularlott/mcp/client.go:110.2,119.61 4 12
github.com/paularlott/mcp/client.go:119.61,121.3 1 3
github.com/paularlott/mcp/client.go:123.2,123.23 1 9
github.com/paularlott/mcp/client.go:123.23,125.3 1 0
github.com/paularlott/mcp/client.go:127.2,131.16 3 9
github.com/paularlott/mcp/client.go:131.16,133.3 1 0
github.com/paularlott/mcp/client.go:134.2,134.61 1 9
github.com/paularlott/mcp/client.go:134.61,136.3 1 0
github.com/paularlott/mcp/client.go:139.2,144.26 5 9
github.com/paularlott/mcp/client.go:148.62,155.2 5 1
github.com/paularlott/mcp/client.go:158.113,159.20 1 3
github.com/paularlott/mcp/client.go:159.20,160.43 1 1
github.com/paularlott/mcp/client.go:160.43,162.4 1 0
github.com/paularlott/mcp/client.go:165.2,176.61 3 3
github.com/paularlott/mcp/client.go:176.61,178.3 1 0
github.com/paularlott/mcp/client.go:180.2,180.23 1 3
github.com/paularlott/mcp/client.go:180.23,186.3 1 1
github.com/paularlott/mcp/client.go:188.2,190.16 3 2
github.com/paularlott/mcp/client.go:190.16,192.3 1 0
github.com/paularlott/mcp/client.go:193.2,193.61 1 2
github.com/paularlott/mcp/client.go:193.61,195.3 1 0
github.com/paularlott/mcp/client.go:197.2,200.8 1 2
github.com/paularlott/mcp/client.go:204.119,206.16 2 26
github.com/paularlott/mcp/client.go:206.16,208.3 1 0
github.com/paularlott/mcp/client.go:210.2,211.16 2 26
github.com/paularlott/mcp/client.go:211.16,213.3 1 0
github.com/paularlott/mcp/client.go:215.2,219.53 4 26
github.com/paularlott/mcp/client.go:219.53,221.3 1 2
github.com/paularlott/mcp/client.go:223.2,223.19 1 26
github.com/paularlott/mcp/client.go:223.19,225.17 2 26
github.com/paularlott/mcp/client.go:225.17,227.4 1 0
github.com/paularlott/mcp/client.go:228.3,228.50 1 26
github.com/paularlott/mcp/client.go:231.2,232.16 2 26
github.com/paularlott/mcp/client.go:232.16,234.3 1 0
github.com/paularlott/mcp/client.go:235.2,238.24 2 26
github.com/paularlott/mcp/client.go:238.24,240.3 1 11
github.com/paularlott/mcp/client.go:242.2,242.42 1 26
github.com/paularlott/mcp/client.go:242.42,244.3 1 2
github.com/paularlott/mcp/client.go:247.2,248.16 2 24
github.com/paularlott/mcp/client.go:248.16,250.3 1 0
github.com/paularlott/mcp/client.go:253.2,253.64 1 24
github.com/paularlott/mcp/client.go:253.64,256.3 1 2
github.com/paularlott/mcp/client.go:259.2,259.56 1 22
github.com/paularlott/mcp/client.go:259.56,261.3 1 1
github.com/paularlott/mcp/client.go:263.2,263.12 1 21
github.com/paularlott/mcp/client.go:266.73,270.29 3 2
github.com/paularlott/mcp/client.go:270.29,272.45 2 4
github.com/paularlott/mcp/client.go:272.45,275.25 2 3
github.com/paularlott/mcp/client.go:275.25,276.13 1 1
github.com/paularlott/mcp/client.go:278.4,279.9 2 2
github.com/paularlott/mcp/client.go:283.2,283.24 1 2
github.com/paularlott/mcp/client.go:283.24,285.3 1 0
github.com/paularlott/mcp/client.go:287.2,287.39 1 2
github.com/paularlott/mcp/mcp.go:58.46,68.2 1 16
github.com/paularlott/mcp/mcp.go:70.55,72.2 1 1
github.com/paularlott/mcp/mcp.go:75.71,93.33 6 5
github.com/paularlott/mcp/mcp.go:93.33,95.3 1 0
github.com/paularlott/mcp/mcp.go:97.2,100.46 2 5
github.com/paularlott/mcp/mcp.go:100.46,102.3 1 0
github.com/paularlott/mcp/mcp.go:106.87,121.16 8 3
github.com/paularlott/mcp/mcp.go:121.16,125.3 1 1
github.com/paularlott/mcp/mcp.go:128.2,128.29 1 2
github.com/paularlott/mcp/mcp.go:128.29,130.22 2 2
github.com/paularlott/mcp/mcp.go:130.22,132.4 1 2
github.com/paularlott/mcp/mcp.go:135.3,139.42 3 2
github.com/paularlott/mcp/mcp.go:143.2,143.46 1 2
github.com/paularlott/mcp/mcp.go:143.46,145.3 1 0
github.com/paularlott/mcp/mcp.go:147.2,147.12 1 2
github.com/paularlott/mcp/mcp.go:151.39,160.31 5 1
github.com/paularlott/mcp/mcp.go:160.31,166.31 2 0
github.com/paularlott/mcp/mcp.go:166.31,168.4 1 0
github.com/paularlott/mcp/mcp.go:169.3,169.48 1 0
github.com/paularlott/mcp/mcp.go:173.2,173.44 1 1
github.com/paularlott/mcp/mcp.go:173.44,176.17 3 2
github.com/paularlott/mcp/mcp.go:176.17,177.12 1 1
github.com/paularlott/mcp/mcp.go:180.3,180.30 1 1
github.com/paularlott/mcp/mcp.go:180.30,182.33 2 1
github.com/paularlott/mcp/mcp.go:182.33,184.5 1 1
github.com/paularlott/mcp/mcp.go:187.4,191.45 3 1
github.com/paularlott/mcp/mcp.go:196.2,196.47 1 1
github.com/paularlott/mcp/mcp.go:196.47,198.3 1 0
github.com/paularlott/mcp/mcp.go:201.2,204.12 3 1
github.com/paularlott/mcp/mcp.go:208.72,210.36 1 25
github.com/paularlott/mcp/mcp.go:210.36,217.3 6 1
github.com/paularlott/mcp/mcp.go:219.2,219.33 1 24
github.com/paularlott/mcp/mcp.go:219.33,223.3 3 1
github.com/paularlott/mcp/mcp.go:226.2,227.95 2 23
github.com/paularlott/mcp/mcp.go:227.95,230.3 2 1
github.com/paularlott/mcp/mcp.go:233.2,236.61 3 22
github.com/paularlott/mcp/mcp.go:236.61,241.3 2 1
github.com/paularlott/mcp/mcp.go:244.2,244.26 1 21
github.com/paularlott/mcp/mcp.go:244.26,249.3 2 1
github.com/paularlott/mcp/mcp.go:252.2,252.19 1 20
github.com/paularlott/mcp/mcp.go:252.19,254.3 1 1
github.com/paularlott/mcp/mcp.go:256.2,256.20 1 20
github.com/paularlott/mcp/mcp.go:257.20,258.33 1 9
github.com/paularlott/mcp/mcp.go:259.14,260.27 1 2
github.com/paularlott/mcp/mcp.go:261.20,262.32 1 4
github.com/paularlott/mcp/mcp.go:263.20,264.32 1 4
github.com/paularlott/mcp/mcp.go:265.10,268.5 1 1
github.com/paularlott/mcp/mcp.go:272.54,273.54 1 7
github.com/paularlott/mcp/mcp.go:273.54,274.27 1 17
github.com/paularlott/mcp/mcp.go:274.27,276.4 1 6
github.com/paularlott/mcp/mcp.go:278.2,278.14 1 1
github.com/paularlott/mcp/mcp.go:281.92,283.52 2 9
github.com/paularlott/mcp/mcp.go:283.52,286.3 2 0
github.com/paularlott/mcp/mcp.go:289.2,290.34 2 9
github.com/paularlott/mcp/mcp.go:290.34,291.58 1 7
github.com/paularlott/mcp/mcp.go:291.58,297.4 2 1
github.com/paularlott/mcp/mcp.go:298.3,298.43 1 6
github.com/paularlott/mcp/mcp.go:301.2,311.38 2 8
github.com/paularlott/mcp/mcp.go:314.86,316.2 1 2
github.com/paularlott/mcp/mcp.go:318.73,324.25 2 8
github.com/paularlott/mcp/mcp.go:325.20,328.44 2 2
github.com/paularlott/mcp/mcp.go:329.10,337.4 2 6
github.com/paularlott/mcp/mcp.go:340.2,340.13 1 8
github.com/paularlott/mcp/mcp.go:344.40,351.2 5 6
github.com/paularlott/mcp/mcp.go:353.91,359.2 3 4
github.com/paularlott/mcp/mcp.go:362.113,367.43 3 5
github.com/paularlott/mcp/mcp.go:367.43,370.3 2 4
github.com/paularlott/mcp/mcp.go:373.2,373.55 1 1
github.com/paularlott/mcp/mcp.go:373.55,376.32 2 1
github.com/paularlott/mcp/mcp.go:376.32,378.4 1 1
github.com/paularlott/mcp/mcp.go:379.3,379.56 1 1
github.com/paularlott/mcp/mcp.go:382.2,382.28 1 0
github.com/paularlott/mcp/mcp.go:385.91,387.52 2 4
github.com/paularlott/mcp/mcp.go:387.52,390.3 2 0
github.com/paularlott/mcp/mcp.go:392.2,393.16 2 4
github.com/paularlott/mcp/mcp.go:393.16,395.42 1 1
github.com/paularlott/mcp/mcp.go:395.42,397.4 1 1
github.com/paularlott/mcp/mcp.go:397.9,399.4 1 0
github.com/paularlott/mcp/mcp.go:400.3,400.9 1 1
github.com/paularlott/mcp/mcp.go:403.2,407.4 1 3
github.com/paularlott/mcp/mcp.go:410.93,421.2 5 17
github.com/paularlott/mcp/mcp.go:423.73,424.23 1 13
github.com/paularlott/mcp/mcp.go:424.23,426.3 1 0
github.com/paularlott/mcp/mcp.go:427.2,428.16 2 13
github.com/paularlott/mcp/mcp.go:428.16,430.3 1 0
github.com/paularlott/mcp/mcp.go:431.2,431.44 1 13
github.com/paularlott/mcp/mcp.go:434.114,449.2 5 5
github.com/paularlott/mcp/resource_response.go:5.76,13.2 1 0
github.com/paularlott/mcp/resource_response.go:15.90,23.2 1 0
github.com/paularlott/mcp/tool_builder.go:22.60,24.2 1 15
github.com/paularlott/mcp/tool_builder.go:26.66,27.30 1 8
github.com/paularlott/mcp/tool_builder.go:27.30,29.3 1 6
github.com/paularlott/mcp/tool_builder.go:30.2,30.48 1 2
github.com/paularlott/mcp/tool_builder.go:34.60,36.2 1 10
github.com/paularlott/mcp/tool_builder.go:39.66,41.2 1 3
github.com/paularlott/mcp/tool_builder.go:43.87,47.31 3 17
github.com/paularlott/mcp/tool_builder.go:47.31,50.30 2 27
github.com/paularlott/mcp/tool_builder.go:50.30,52.4 1 25
github.com/paularlott/mcp/tool_builder.go:53.3,54.21 2 27
github.com/paularlott/mcp/tool_builder.go:54.21,56.4 1 16
github.com/paularlott/mcp/tool_builder.go:59.2,64.23 2 17
github.com/paularlott/mcp/tool_builder.go:64.23,66.3 1 13
github.com/paularlott/mcp/tool_builder.go:67.2,67.15 1 17
github.com/paularlott/mcp/tool_builder.go:70.80,71.50 1 48
github.com/paularlott/mcp/tool_builder.go:71.50,75.54 3 8
github.com/paularlott/mcp/tool_builder.go:75.54,78.4 1 5
github.com/paularlott/mcp/tool_builder.go:78.9,81.4 1 3
github.com/paularlott/mcp/tool_builder.go:83.3,86.4 1 8
github.com/paularlott/mcp/tool_builder.go:87.8,87.40 1 40
github.com/paularlott/mcp/tool_builder.go:87.40,89.3 1 7
github.com/paularlott/mcp/tool_builder.go:89.8,91.3 1 33
github.com/paularlott/mcp/tool_builder.go:94.81,95.32 1 12
github.com/paularlott/mcp/tool_builder.go:95.32,101.3 1 2
github.com/paularlott/mcp/tool_builder.go:104.2,107.50 3 10
github.com/paularlott/mcp/tool_builder.go:107.50,109.32 2 21
github.com/paularlott/mcp/tool_builder.go:109.32,111.4 1 21
github.com/paularlott/mcp/tool_builder.go:112.3,113.23 2 21
github.com/paularlott/mcp/tool_builder.go:113.23,115.4 1 12
github.com/paularlott/mcp/tool_builder.go:118.2,123.23 2 10
github.com/paularlott/mcp/tool_builder.go:123.23,125.3 1 7
github.com/paularlott/mcp/tool_builder.go:126.2,126.15 1 10
github.com/paularlott/mcp/tool_error.go:23.36,25.2 1 0
github.com/paularlott/mcp/tool_error.go:28.54,33.2 1 1
github.com/paularlott/mcp/tool_error.go:36.49,41.2 1 0
github.com/paularlott/mcp/tool_error.go:44.69,50.2 1 0
github.com/paularlott/mcp/tool_request.go:16.59,18.9 2 7
github.com/paularlott/mcp/tool_request.go:18.9,20.3 1 2
github.com/paularlott/mcp/tool_request.go:21.2,21.33 1 5
github.com/paularlott/mcp/tool_request.go:21.33,23.3 1 4
github.com/paularlott/mcp/tool_request.go:24.2,24.63 1 1
github.com/paularlott/mcp/tool_request.go:27.66,28.44 1 1
github.com/paularlott/mcp/tool_request.go:28.44,30.3 1 0
github.com/paularlott/mcp/tool_request.go:31.2,31.21 1 1
github.com/paularlott/mcp/tool_request.go:34.53,36.9 2 2
github.com/paularlott/mcp/tool_request.go:36.9,38.3 1 1
github.com/paularlott/mcp/tool_request.go:39.2,39.25 1 1
github.com/paularlott/mcp/tool_request.go:40.11,41.16 1 0
github.com/paularlott/mcp/tool_request.go:42.15,43.21 1 1
github.com/paularlott/mcp/tool_request.go:44.10,45.63 1 0
github.com/paularlott/mcp/tool_request.go:49.64,50.41 1 1
github.com/paularlott/mcp/tool_request.go:50.41,52.3 1 0
github.com/paularlott/mcp/tool_request.go:53.2,53.21 1 1
github.com/paularlott/mcp/tool_request.go:56.59,58.9 2 2
github.com/paularlott/mcp/tool_request.go:58.9,60.3 1 1
github.com/paularlott/mcp/tool_request.go:61.2,61.34 1 1
github.com/paularlott/mcp/tool_request.go:61.34,63.3 1 1
github.com/paularlott/mcp/tool_request.go:64.2,64.62 1 0
github.com/paularlott/mcp/tool_request.go:67.74,68.43 1 1
github.com/paularlott/mcp/tool_request.go:68.43,70.3 1 0
github.com/paularlott/mcp/tool_request.go:71.2,71.21 1 1
github.com/paularlott/mcp/tool_request.go:74.55,76.9 2 2
github.com/paularlott/mcp/tool_request.go:76.9,78.3 1 1
github.com/paularlott/mcp/tool_request.go:79.2,79.29 1 1
github.com/paularlott/mcp/tool_request.go:79.29,81.3 1 1
github.com/paularlott/mcp/tool_request.go:82.2,82.67 1 0
github.com/paularlott/mcp/tool_request.go:85.67,86.42 1 1
github.com/paularlott/mcp/tool_request.go:86.42,88.3 1 0
github.com/paularlott/mcp/tool_request.go:89.2,89.21 1 1
github.com/paularlott/mcp/tool_request.go:92.66,94.9 2 2
github.com/paularlott/mcp/tool_request.go:94.9,96.3 1 0
github.com/paularlott/mcp/tool_request.go:97.2,97.40 1 2
github.com/paularlott/mcp/tool_request.go:97.40,99.28 2 2
github.com/paularlott/mcp/tool_request.go:99.28,100.36 1 4
github.com/paularlott/mcp/tool_request.go:100.36,102.5 1 3
github.com/paularlott/mcp/tool_request.go:102.10,104.5 1 1
github.com/paularlott/mcp/tool_request.go:106.3,106.21 1 1
github.com/paularlott/mcp/tool_request.go:108.2,108.64 1 0
github.com/paularlott/mcp/tool_request.go:111.82,112.49 1 0
github.com/paularlott/mcp/tool_request.go:112.49,114.3 1 0
github.com/paularlott/mcp/tool_request.go:115.2,115.21 1 0
github.com/paularlott/mcp/tool_request.go:118.60,120.9 2 1
github.com/paularlott/mcp/tool_request.go:120.9,122.3 1 0
github.com/paularlott/mcp/tool_request.go:123.2,123.40 1 1
github.com/paularlott/mcp/tool_request.go:123.40,125.28 2 1
github.com/paularlott/mcp/tool_request.go:125.28,126.28 1 2
github.com/paularlott/mcp/tool_request.go:127.13,128.18 1 0
github.com/paularlott/mcp/tool_request.go:129.17,130.23 1 2
github.com/paularlott/mcp/tool_request.go:131.12,132.94 1 0
github.com/paularlott/mcp/tool_request.go:135.3,135.21 1 1
github.com/paularlott/mcp/tool_request.go:137.2,137.64 1 0
github.com/paularlott/mcp/tool_request.go:140.73,141.46 1 0
github.com/paularlott/mcp/tool_request.go:141.46,143.3 1 0
github.com/paularlott/mcp/tool_request.go:144.2,144.21 1 0
github.com/paularlott/mcp/tool_request.go:147.66,149.9 2 1
github.com/paularlott/mcp/tool_request.go:149.9,151.3 1 0
github.com/paularlott/mcp/tool_request.go:152.2,152.40 1 1
github.com/paularlott/mcp/tool_request.go:152.40,154.28 2 1
github.com/paularlott/mcp/tool_request.go:154.28,155.37 1 2
github.com/paularlott/mcp/tool_request.go:155.37,157.5 1 2
github.com/paularlott/mcp/tool_request.go:157.10,159.5 1 0
github.com/paularlott/mcp/tool_request.go:161.3,161.21 1 1
github.com/paularlott/mcp/tool_request.go:163.2,163.64 1 0
github.com/paularlott/mcp/tool_request.go:166.83,167.48 1 0
github.com/paularlott/mcp/tool_request.go:167.48,169.3 1 0
github.com/paularlott/mcp/tool_request.go:170.2,170.21 1 0
github.com/paularlott/mcp/tool_request.go:174.75,176.9 2 5
github.com/paularlott/mcp/tool_request.go:176.9,178.3 1 0
github.com/paularlott/mcp/tool_request.go:179.2,179.49 1 5
github.com/paularlott/mcp/tool_request.go:179.49,181.3 1 4
github.com/paularlott/mcp/tool_request.go:182.2,182.65 1 1
github.com/paularlott/mcp/tool_request.go:186.105,187.44 1 0
github.com/paularlott/mcp/tool_request.go:187.44,189.3 1 0
github.com/paularlott/mcp/tool_request.go:190.2,190.21 1 0
github.com/paularlott/mcp/tool_request.go:194.82,196.9 2 1
github.com/paularlott/mcp/tool_request.go:196.9,198.3 1 0
github.com/paularlott/mcp/tool_request.go:199.2,199.40 1 1
github.com/paularlott/mcp/tool_request.go:199.40,201.28 2 1
github.com/paularlott/mcp/tool_request.go:201.28,202.52 1 1
github.com/paularlott/mcp/tool_request.go:202.52,204.5 1 1
github.com/paularlott/mcp/tool_request.go:204.10,206.5 1 0
github.com/paularlott/mcp/tool_request.go:208.3,208.21 1 1
github.com/paularlott/mcp/tool_request.go:210.2,210.64 1 0
github.com/paularlott/mcp/tool_request.go:214.114,215.49 1 0
github.com/paularlott/mcp/tool_request.go:215.49,217.3 1 0
github.com/paularlott/mcp/tool_request.go:218.2,218.21 1 0
github.com/paularlott/mcp/tool_request.go:222.95,224.16 2 3
github.com/paularlott/mcp/tool_request.go:224.16,226.3 1 0
github.com/paularlott/mcp/tool_request.go:227.2,228.9 2 3
github.com/paularlott/mcp/tool_request.go:228.9,230.3 1 0
github.com/paularlott/mcp/tool_request.go:231.2,231.17 1 3
github.com/paularlott/mcp/tool_request.go:235.96,237.16 2 1
github.com/paularlott/mcp/tool_request.go:237.16,239.3 1 0
github.com/paularlott/mcp/tool_request.go:240.2,240.33 1 1
github.com/paularlott/mcp/tool_request.go:240.33,242.3 1 1
github.com/paularlott/mcp/tool_request.go:243.2,243.97 1 0
github.com/paularlott/mcp/tool_request.go:247.90,249.16 2 1
github.com/paularlott/mcp/tool_request.go:249.16,251.3 1 0
github.com/paularlott/mcp/tool_request.go:252.2,252.25 1 1
github.com/paularlott/mcp/tool_request.go:253.11,254.16 1 0
github.com/paularlott/mcp/tool_request.go:255.15,256.21 1 1
github.com/paularlott/mcp/tool_request.go:257.10,258.97 1 0
github.com/paularlott/mcp/tool_request.go:263.92,265.16 2 1
github.com/paularlott/mcp/tool_request.go:265.16,267.3 1 0
github.com/paularlott/mcp/tool_request.go:268.2,268.29 1 1
github.com/paularlott/mcp/tool_request.go:268.29,270.3 1 1
github.com/paularlott/mcp/tool_request.go:271.2,271.101 1 0
github.com/paularlott/mcp/tool_response.go:15.69,19.33 3 2
github.com/paularlott/mcp/tool_response.go:19.33,20.26 1 4
github.com/paularlott/mcp/tool_response.go:20.26,22.4 1 2
github.com/paularlott/mcp/tool_response.go:23.3,23.36 1 4
github.com/paularlott/mcp/tool_response.go:23.36,25.4 1 2
github.com/paularlott/mcp/tool_response.go:28.2,31.3 1 2
github.com/paularlott/mcp/tool_response.go:34.53,36.2 1 5
github.com/paularlott/mcp/tool_response.go:38.58,40.16 2 1
github.com/paularlott/mcp/tool_response.go:40.16,42.3 1 0
github.com/paularlott/mcp/tool_response.go:43.2,43.46 1 1
github.com/paularlott/mcp/tool_response.go:46.71,48.2 1 1
github.com/paularlott/mcp/tool_response.go:50.71,52.2 1 1
github.com/paularlott/mcp/tool_response.go:54.72,56.2 1 1
github.com/paularlott/mcp/tool_response.go:58.66,60.2 1 1
github.com/paularlott/mcp/tool_response.go:62.64,68.2 2 3
